== Info:   Trying 127.0.0.1:8000...
== Info: Connected to 127.0.0.1 (127.0.0.1) port 8000 (#0)
=> Send header, 267 bytes (0x10b)
0000: POST / HTTP/1.1
0011: Host: 127.0.0.1:8000
0027: User-Agent: curl/7.81.0
0040: Accept: */*
004d: Content-Length:448
0061: Authorization: Basic dGVzdDowMjk3OTRkYjZlNzZjYjU1OTYxMzczMmQ3Yzk
00a1: 0YjI0YjM2MGJiNmYwNTg3OWJiOTllNzc2NTUxOGI1NWFiYzU3Cg==
00d8: Content-Type: application/x-www-form-urlencoded
0109: 
=> Send data, 11 bytes (0xb)
0000: simple_body
== Info: Mark bundle as not supporting multiuse
<= Recv header, 17 bytes (0x11)
0000: HTTP/1.1 200 OK
== Info: no chunk, no close, no size. Assume close to signal end
<= Recv header, 2 bytes (0x2)
0000: 
<= Recv data, 108 bytes (0x6c)
0000: Wow, seems that you POSTed 448 bytes. 
0028: Fetch the data using `payload` variable.This is PAYLOAD: simple_
0068: body
== Info: Closing connection 0
